 > tts_models/en/blizzard2013/capacitron-t2-c50 is already downloaded.
 > vocoder_models/en/blizzard2013/hifigan_v2 is already downloaded.
 > Using model: tacotron2
 > Setting up Audio Processor...
 | > sample_rate:24000
 | > resample:False
 | > num_mels:80
 | > log_func:np.log10
 | > min_level_db:-100
 | > frame_shift_ms:None
 | > frame_length_ms:None
 | > ref_level_db:20
 | > fft_size:1024
 | > power:1.5
 | > preemphasis:0.0
 | > griffin_lim_iters:60
 | > signal_norm:True
 | > symmetric_norm:True
 | > mel_fmin:80.0
 | > mel_fmax:12000.0
 | > pitch_fmin:0.0
 | > pitch_fmax:640.0
 | > spec_gain:25.0
 | > stft_pad_mode:reflect
 | > max_norm:4.0
 | > clip_norm:True
 | > do_trim_silence:True
 | > trim_db:60
 | > do_sound_norm:False
 | > do_amp_to_db_linear:True
 | > do_amp_to_db_mel:True
 | > do_rms_norm:False
 | > db_level:None
 | > stats_path:None
 | > base:10
 | > hop_length:256
 | > win_length:1024
 > Model's reduction rate `r` is set to: 2
 > Vocoder Model: hifigan
 > Setting up Audio Processor...
 | > sample_rate:24000
 | > resample:False
 | > num_mels:80
 | > log_func:np.log10
 | > min_level_db:-100
 | > frame_shift_ms:None
 | > frame_length_ms:None
 | > ref_level_db:20
 | > fft_size:1024
 | > power:1.5
 | > preemphasis:0.0
 | > griffin_lim_iters:60
 | > signal_norm:True
 | > symmetric_norm:True
 | > mel_fmin:80.0
 | > mel_fmax:12000.0
 | > pitch_fmin:1.0
 | > pitch_fmax:640.0
 | > spec_gain:20.0
 | > stft_pad_mode:reflect
 | > max_norm:4.0
 | > clip_norm:True
 | > do_trim_silence:False
 | > trim_db:60
 | > do_sound_norm:True
 | > do_amp_to_db_linear:True
 | > do_amp_to_db_mel:True
 | > do_rms_norm:False
 | > db_level:None
 | > stats_path:None
 | > base:10
 | > hop_length:256
 | > win_length:1024
 > Generator Model: hifigan_generator
 > Discriminator Model: hifigan_discriminator
Removing weight norm...
 > Text: This is a test using one of many voices
 > Text splitted to sentences.
['This is a test using one of many voices']
 > Processing time: 0.9124627113342285
 > Real-time factor: 0.33803261718976113
 > Saving output to tts_models-en-blizzard2013-capacitron-t2-c50..wav
