 > tts_models/en/vctk/vits is already downloaded.
 > Using model: vits
 > Setting up Audio Processor...
 | > sample_rate:22050
 | > resample:False
 | > num_mels:80
 | > log_func:np.log10
 | > min_level_db:0
 | > frame_shift_ms:None
 | > frame_length_ms:None
 | > ref_level_db:None
 | > fft_size:1024
 | > power:None
 | > preemphasis:0.0
 | > griffin_lim_iters:None
 | > signal_norm:None
 | > symmetric_norm:None
 | > mel_fmin:0
 | > mel_fmax:None
 | > pitch_fmin:None
 | > pitch_fmax:None
 | > spec_gain:20.0
 | > stft_pad_mode:reflect
 | > max_norm:1.0
 | > clip_norm:True
 | > do_trim_silence:False
 | > trim_db:60
 | > do_sound_norm:False
 | > do_amp_to_db_linear:True
 | > do_amp_to_db_mel:True
 | > do_rms_norm:False
 | > db_level:None
 | > stats_path:None
 | > base:10
 | > hop_length:256
 | > win_length:1024
 > initialization of speaker-embedding layers.
 > Text: This is a test using one of many voices
 > Text splitted to sentences.
['This is a test using one of many voices']
 > Processing time: 1.4016282558441162
 > Real-time factor: 0.5157860988211409
 > Saving output to tts_models-en-vctk-vits.-p257.wav
