 > tts_models/en/vctk/vits is already downloaded.
 > Using model: vits
 > Setting up Audio Processor...
 | > sample_rate:22050
 | > resample:False
 | > num_mels:80
 | > log_func:np.log10
 | > min_level_db:0
 | > frame_shift_ms:None
 | > frame_length_ms:None
 | > ref_level_db:None
 | > fft_size:1024
 | > power:None
 | > preemphasis:0.0
 | > griffin_lim_iters:None
 | > signal_norm:None
 | > symmetric_norm:None
 | > mel_fmin:0
 | > mel_fmax:None
 | > pitch_fmin:None
 | > pitch_fmax:None
 | > spec_gain:20.0
 | > stft_pad_mode:reflect
 | > max_norm:1.0
 | > clip_norm:True
 | > do_trim_silence:False
 | > trim_db:60
 | > do_sound_norm:False
 | > do_amp_to_db_linear:True
 | > do_amp_to_db_mel:True
 | > do_rms_norm:False
 | > db_level:None
 | > stats_path:None
 | > base:10
 | > hop_length:256
 | > win_length:1024
 > initialization of speaker-embedding layers.
 > Text: This is a test using one of many voices
 > Text splitted to sentences.
['This is a test using one of many voices']
Traceback (most recent call last):
  File "/home/alx84/Projects/tts-comparison/venv/bin/tts", line 8, in <module>
    sys.exit(main())
  File "/home/alx84/Projects/tts-comparison/venv/lib/python3.10/site-packages/TTS/bin/synthesize.py", line 357, in main
    wav = synthesizer.tts(
  File "/home/alx84/Projects/tts-comparison/venv/lib/python3.10/site-packages/TTS/utils/synthesizer.py", line 228, in tts
    speaker_id = self.tts_model.speaker_manager.name_to_id[speaker_name]
KeyError: 'EDn'
